Analysis & Synthesis report for DE10_LITE_ALU
Sat Mar 23 00:29:40 2019
Quartus Prime Version 18.1.0 Build 625 09/12/2018 SJ Lite Edition


---------------------
; Table of Contents ;
---------------------
  1. Legal Notice
  2. Analysis & Synthesis Summary
  3. Analysis & Synthesis Settings
  4. Parallel Compilation
  5. Analysis & Synthesis Source Files Read
  6. Analysis & Synthesis Resource Usage Summary
  7. Analysis & Synthesis Resource Utilization by Entity
  8. General Register Statistics
  9. Parameter Settings for User Entity Instance: multiply_m:m
 10. Port Connectivity Checks: "multiply_m:m|full_adder:for_1[7].out_add"
 11. Port Connectivity Checks: "multiply_m:m|full_adder:for_1[6].out_add"
 12. Port Connectivity Checks: "multiply_m:m|full_adder:for_1[5].out_add"
 13. Port Connectivity Checks: "multiply_m:m|full_adder:for_1[4].out_add"
 14. Port Connectivity Checks: "multiply_m:m|full_adder:for_1[3].out_add"
 15. Port Connectivity Checks: "multiply_m:m|full_adder:for_1[2].out_add"
 16. Port Connectivity Checks: "multiply_m:m|full_adder:for_1[1].out_add"
 17. Port Connectivity Checks: "multiply_m:m|full_adder:for_1[0].for_2[2].full_add"
 18. Port Connectivity Checks: "multiply_m:m|full_adder:for_1[0].for_2[1].full_add"
 19. Port Connectivity Checks: "multiply_m:m|full_adder:for_1[0].out_add"
 20. Port Connectivity Checks: "multiply_m:m"
 21. Post-Synthesis Netlist Statistics for Top Partition
 22. Elapsed Time Per Partition
 23. Analysis & Synthesis Messages



----------------
; Legal Notice ;
----------------
Copyright (C) 2018  Intel Corporation. All rights reserved.
Your use of Intel Corporation's design tools, logic functions 
and other software and tools, and its AMPP partner logic 
functions, and any output files from any of the foregoing 
(including device programming or simulation files), and any 
associated documentation or information are expressly subject 
to the terms and conditions of the Intel Program License 
Subscription Agreement, the Intel Quartus Prime License Agreement,
the Intel FPGA IP License Agreement, or other applicable license
agreement, including, without limitation, that your use is for
the sole purpose of programming logic devices manufactured by
Intel and sold by Intel or its authorized distributors.  Please
refer to the applicable agreement for further details.



+----------------------------------------------------------------------------------+
; Analysis & Synthesis Summary                                                     ;
+------------------------------------+---------------------------------------------+
; Analysis & Synthesis Status        ; Successful - Sat Mar 23 00:29:40 2019       ;
; Quartus Prime Version              ; 18.1.0 Build 625 09/12/2018 SJ Lite Edition ;
; Revision Name                      ; DE10_LITE_ALU                               ;
; Top-level Entity Name              ; DE10_LITE_ALU                               ;
; Family                             ; MAX 10                                      ;
; Total logic elements               ; 24                                          ;
;     Total combinational functions  ; 24                                          ;
;     Dedicated logic registers      ; 0                                           ;
; Total registers                    ; 0                                           ;
; Total pins                         ; 73                                          ;
; Total virtual pins                 ; 0                                           ;
; Total memory bits                  ; 0                                           ;
; Embedded Multiplier 9-bit elements ; 0                                           ;
; Total PLLs                         ; 0                                           ;
; UFM blocks                         ; 0                                           ;
; ADC blocks                         ; 0                                           ;
+------------------------------------+---------------------------------------------+


+------------------------------------------------------------------------------------------------------------+
; Analysis & Synthesis Settings                                                                              ;
+------------------------------------------------------------------+--------------------+--------------------+
; Option                                                           ; Setting            ; Default Value      ;
+------------------------------------------------------------------+--------------------+--------------------+
; Device                                                           ; 10M50DAF484C7G     ;                    ;
; Top-level entity name                                            ; DE10_LITE_ALU      ; DE10_LITE_ALU      ;
; Family name                                                      ; MAX 10 FPGA        ; Cyclone V          ;
; Use smart compilation                                            ; Off                ; Off                ;
; Enable parallel Assembler and Timing Analyzer during compilation ; On                 ; On                 ;
; Enable compact report table                                      ; Off                ; Off                ;
; Restructure Multiplexers                                         ; Auto               ; Auto               ;
; Create Debugging Nodes for IP Cores                              ; Off                ; Off                ;
; Preserve fewer node names                                        ; On                 ; On                 ;
; Intel FPGA IP Evaluation Mode                                    ; Enable             ; Enable             ;
; Verilog Version                                                  ; Verilog_2001       ; Verilog_2001       ;
; VHDL Version                                                     ; VHDL_1993          ; VHDL_1993          ;
; State Machine Processing                                         ; Auto               ; Auto               ;
; Safe State Machine                                               ; Off                ; Off                ;
; Extract Verilog State Machines                                   ; On                 ; On                 ;
; Extract VHDL State Machines                                      ; On                 ; On                 ;
; Ignore Verilog initial constructs                                ; Off                ; Off                ;
; Iteration limit for constant Verilog loops                       ; 5000               ; 5000               ;
; Iteration limit for non-constant Verilog loops                   ; 250                ; 250                ;
; Add Pass-Through Logic to Inferred RAMs                          ; On                 ; On                 ;
; Infer RAMs from Raw Logic                                        ; On                 ; On                 ;
; Parallel Synthesis                                               ; On                 ; On                 ;
; DSP Block Balancing                                              ; Auto               ; Auto               ;
; NOT Gate Push-Back                                               ; On                 ; On                 ;
; Power-Up Don't Care                                              ; On                 ; On                 ;
; Remove Redundant Logic Cells                                     ; Off                ; Off                ;
; Remove Duplicate Registers                                       ; On                 ; On                 ;
; Ignore CARRY Buffers                                             ; Off                ; Off                ;
; Ignore CASCADE Buffers                                           ; Off                ; Off                ;
; Ignore GLOBAL Buffers                                            ; Off                ; Off                ;
; Ignore ROW GLOBAL Buffers                                        ; Off                ; Off                ;
; Ignore LCELL Buffers                                             ; Off                ; Off                ;
; Ignore SOFT Buffers                                              ; On                 ; On                 ;
; Limit AHDL Integers to 32 Bits                                   ; Off                ; Off                ;
; Optimization Technique                                           ; Balanced           ; Balanced           ;
; Carry Chain Length                                               ; 70                 ; 70                 ;
; Auto Carry Chains                                                ; On                 ; On                 ;
; Auto Open-Drain Pins                                             ; On                 ; On                 ;
; Perform WYSIWYG Primitive Resynthesis                            ; Off                ; Off                ;
; Auto ROM Replacement                                             ; On                 ; On                 ;
; Auto RAM Replacement                                             ; On                 ; On                 ;
; Auto DSP Block Replacement                                       ; On                 ; On                 ;
; Auto Shift Register Replacement                                  ; Auto               ; Auto               ;
; Allow Shift Register Merging across Hierarchies                  ; Auto               ; Auto               ;
; Auto Clock Enable Replacement                                    ; On                 ; On                 ;
; Strict RAM Replacement                                           ; Off                ; Off                ;
; Allow Synchronous Control Signals                                ; On                 ; On                 ;
; Force Use of Synchronous Clear Signals                           ; Off                ; Off                ;
; Auto RAM Block Balancing                                         ; On                 ; On                 ;
; Auto RAM to Logic Cell Conversion                                ; Off                ; Off                ;
; Auto Resource Sharing                                            ; Off                ; Off                ;
; Allow Any RAM Size For Recognition                               ; Off                ; Off                ;
; Allow Any ROM Size For Recognition                               ; Off                ; Off                ;
; Allow Any Shift Register Size For Recognition                    ; Off                ; Off                ;
; Use LogicLock Constraints during Resource Balancing              ; On                 ; On                 ;
; Ignore translate_off and synthesis_off directives                ; Off                ; Off                ;
; Timing-Driven Synthesis                                          ; On                 ; On                 ;
; Report Parameter Settings                                        ; On                 ; On                 ;
; Report Source Assignments                                        ; On                 ; On                 ;
; Report Connectivity Checks                                       ; On                 ; On                 ;
; Ignore Maximum Fan-Out Assignments                               ; Off                ; Off                ;
; Synchronization Register Chain Length                            ; 2                  ; 2                  ;
; Power Optimization During Synthesis                              ; Normal compilation ; Normal compilation ;
; HDL message level                                                ; Level2             ; Level2             ;
; Suppress Register Optimization Related Messages                  ; Off                ; Off                ;
; Number of Removed Registers Reported in Synthesis Report         ; 5000               ; 5000               ;
; Number of Swept Nodes Reported in Synthesis Report               ; 5000               ; 5000               ;
; Number of Inverted Registers Reported in Synthesis Report        ; 100                ; 100                ;
; Clock MUX Protection                                             ; On                 ; On                 ;
; Auto Gated Clock Conversion                                      ; Off                ; Off                ;
; Block Design Naming                                              ; Auto               ; Auto               ;
; SDC constraint protection                                        ; Off                ; Off                ;
; Synthesis Effort                                                 ; Auto               ; Auto               ;
; Shift Register Replacement - Allow Asynchronous Clear Signal     ; On                 ; On                 ;
; Pre-Mapping Resynthesis Optimization                             ; Off                ; Off                ;
; Analysis & Synthesis Message Level                               ; Medium             ; Medium             ;
; Disable Register Merging Across Hierarchies                      ; Auto               ; Auto               ;
; Resource Aware Inference For Block RAM                           ; On                 ; On                 ;
+------------------------------------------------------------------+--------------------+--------------------+


+------------------------------------------+
; Parallel Compilation                     ;
+----------------------------+-------------+
; Processors                 ; Number      ;
+----------------------------+-------------+
; Number detected on machine ; 2           ;
; Maximum allowed            ; 2           ;
;                            ;             ;
; Average used               ; 1.00        ;
; Maximum used               ; 1           ;
;                            ;             ;
; Usage by Processor         ; % Time Used ;
;     Processor 1            ; 100.0%      ;
+----------------------------+-------------+


+---------------------------------------------------------------------------------------------------------------------------------------------------------------------------------+
; Analysis & Synthesis Source Files Read                                                                                                                                          ;
+----------------------------------+-----------------+------------------------------+-----------------------------------------------------------------------------------+---------+
; File Name with User-Entered Path ; Used in Netlist ; File Type                    ; File Name with Absolute Path                                                      ; Library ;
+----------------------------------+-----------------+------------------------------+-----------------------------------------------------------------------------------+---------+
; Arithmetic.v                     ; yes             ; User Verilog HDL File        ; Z:/Documents/CUBoulder/2019_Spring/ECEN2350-DigitalLogic/Project1/Arithmetic.v    ;         ;
; de10_lite_alu.v                  ; yes             ; Auto-Found Verilog HDL File  ; Z:/Documents/CUBoulder/2019_Spring/ECEN2350-DigitalLogic/Project1/de10_lite_alu.v ;         ;
+----------------------------------+-----------------+------------------------------+-----------------------------------------------------------------------------------+---------+


+-----------------------------------------------------------+
; Analysis & Synthesis Resource Usage Summary               ;
+---------------------------------------------+-------------+
; Resource                                    ; Usage       ;
+---------------------------------------------+-------------+
; Estimated Total logic elements              ; 24          ;
;                                             ;             ;
; Total combinational functions               ; 24          ;
; Logic element usage by number of LUT inputs ;             ;
;     -- 4 input functions                    ; 14          ;
;     -- 3 input functions                    ; 4           ;
;     -- <=2 input functions                  ; 6           ;
;                                             ;             ;
; Logic elements by mode                      ;             ;
;     -- normal mode                          ; 24          ;
;     -- arithmetic mode                      ; 0           ;
;                                             ;             ;
; Total registers                             ; 0           ;
;     -- Dedicated logic registers            ; 0           ;
;     -- I/O registers                        ; 0           ;
;                                             ;             ;
; I/O pins                                    ; 73          ;
;                                             ;             ;
; Embedded Multiplier 9-bit elements          ; 0           ;
;                                             ;             ;
; Maximum fan-out node                        ; SW[2]~input ;
; Maximum fan-out                             ; 9           ;
; Total fan-out                               ; 160         ;
; Average fan-out                             ; 0.94        ;
+---------------------------------------------+-------------+


+-------------------------------------------------------------------------------------------------------------------------------------------------------------------------------------------------------------------------------------------------------------------------------------------------------+
; Analysis & Synthesis Resource Utilization by Entity                                                                                                                                                                                                                                                   ;
+-----------------------------------------------+---------------------+---------------------------+-------------+------------+--------------+---------+-----------+------+--------------+------------+-------------------------------------------------------------------+---------------+--------------+
; Compilation Hierarchy Node                    ; Combinational ALUTs ; Dedicated Logic Registers ; Memory Bits ; UFM Blocks ; DSP Elements ; DSP 9x9 ; DSP 18x18 ; Pins ; Virtual Pins ; ADC blocks ; Full Hierarchy Name                                               ; Entity Name   ; Library Name ;
+-----------------------------------------------+---------------------+---------------------------+-------------+------------+--------------+---------+-----------+------+--------------+------------+-------------------------------------------------------------------+---------------+--------------+
; |DE10_LITE_ALU                                ; 24 (0)              ; 0 (0)                     ; 0           ; 0          ; 0            ; 0       ; 0         ; 73   ; 0            ; 0          ; |DE10_LITE_ALU                                                    ; DE10_LITE_ALU ; work         ;
;    |multiply_m:m|                             ; 24 (6)              ; 0 (0)                     ; 0           ; 0          ; 0            ; 0       ; 0         ; 0    ; 0            ; 0          ; |DE10_LITE_ALU|multiply_m:m                                       ; multiply_m    ; work         ;
;       |full_adder:for_1[1].for_2[1].full_add| ; 2 (2)               ; 0 (0)                     ; 0           ; 0          ; 0            ; 0       ; 0         ; 0    ; 0            ; 0          ; |DE10_LITE_ALU|multiply_m:m|full_adder:for_1[1].for_2[1].full_add ; full_adder    ; work         ;
;       |full_adder:for_1[1].out_add|           ; 2 (2)               ; 0 (0)                     ; 0           ; 0          ; 0            ; 0       ; 0         ; 0    ; 0            ; 0          ; |DE10_LITE_ALU|multiply_m:m|full_adder:for_1[1].out_add           ; full_adder    ; work         ;
;       |full_adder:for_1[2].for_2[1].full_add| ; 4 (4)               ; 0 (0)                     ; 0           ; 0          ; 0            ; 0       ; 0         ; 0    ; 0            ; 0          ; |DE10_LITE_ALU|multiply_m:m|full_adder:for_1[2].for_2[1].full_add ; full_adder    ; work         ;
;       |full_adder:for_1[2].for_2[2].full_add| ; 2 (2)               ; 0 (0)                     ; 0           ; 0          ; 0            ; 0       ; 0         ; 0    ; 0            ; 0          ; |DE10_LITE_ALU|multiply_m:m|full_adder:for_1[2].for_2[2].full_add ; full_adder    ; work         ;
;       |full_adder:for_1[2].out_add|           ; 2 (2)               ; 0 (0)                     ; 0           ; 0          ; 0            ; 0       ; 0         ; 0    ; 0            ; 0          ; |DE10_LITE_ALU|multiply_m:m|full_adder:for_1[2].out_add           ; full_adder    ; work         ;
;       |full_adder:for_1[3].for_2[1].full_add| ; 2 (2)               ; 0 (0)                     ; 0           ; 0          ; 0            ; 0       ; 0         ; 0    ; 0            ; 0          ; |DE10_LITE_ALU|multiply_m:m|full_adder:for_1[3].for_2[1].full_add ; full_adder    ; work         ;
;       |full_adder:for_1[3].for_2[2].full_add| ; 2 (2)               ; 0 (0)                     ; 0           ; 0          ; 0            ; 0       ; 0         ; 0    ; 0            ; 0          ; |DE10_LITE_ALU|multiply_m:m|full_adder:for_1[3].for_2[2].full_add ; full_adder    ; work         ;
;       |full_adder:for_1[3].out_add|           ; 2 (2)               ; 0 (0)                     ; 0           ; 0          ; 0            ; 0       ; 0         ; 0    ; 0            ; 0          ; |DE10_LITE_ALU|multiply_m:m|full_adder:for_1[3].out_add           ; full_adder    ; work         ;
+-----------------------------------------------+---------------------+---------------------------+-------------+------------+--------------+---------+-----------+------+--------------+------------+-------------------------------------------------------------------+---------------+--------------+
Note: For table entries with two numbers listed, the numbers in parentheses indicate the number of resources of the given type used by the specific entity alone. The numbers listed outside of parentheses indicate the total resources of the given type used by the specific entity and all of its sub-entities in the hierarchy.


+------------------------------------------------------+
; General Register Statistics                          ;
+----------------------------------------------+-------+
; Statistic                                    ; Value ;
+----------------------------------------------+-------+
; Total registers                              ; 0     ;
; Number of registers using Synchronous Clear  ; 0     ;
; Number of registers using Synchronous Load   ; 0     ;
; Number of registers using Asynchronous Clear ; 0     ;
; Number of registers using Asynchronous Load  ; 0     ;
; Number of registers using Clock Enable       ; 0     ;
; Number of registers using Preset             ; 0     ;
+----------------------------------------------+-------+


+-----------------------------------------------------------+
; Parameter Settings for User Entity Instance: multiply_m:m ;
+----------------+-------+----------------------------------+
; Parameter Name ; Value ; Type                             ;
+----------------+-------+----------------------------------+
; n              ; 3     ; Signed Integer                   ;
; m              ; 8     ; Signed Integer                   ;
+----------------+-------+----------------------------------+
Note: In order to hide this table in the UI and the text report file, please set the "Show Parameter Settings in Synthesis Report" option in "Analysis and Synthesis Settings -> More Settings" to "Off".


+----------------------------------------------------------------------+
; Port Connectivity Checks: "multiply_m:m|full_adder:for_1[7].out_add" ;
+------+-------+----------+--------------------------------------------+
; Port ; Type  ; Severity ; Details                                    ;
+------+-------+----------+--------------------------------------------+
; c_in ; Input ; Info     ; Stuck at GND                               ;
+------+-------+----------+--------------------------------------------+


+----------------------------------------------------------------------+
; Port Connectivity Checks: "multiply_m:m|full_adder:for_1[6].out_add" ;
+------+-------+----------+--------------------------------------------+
; Port ; Type  ; Severity ; Details                                    ;
+------+-------+----------+--------------------------------------------+
; c_in ; Input ; Info     ; Stuck at GND                               ;
+------+-------+----------+--------------------------------------------+


+----------------------------------------------------------------------+
; Port Connectivity Checks: "multiply_m:m|full_adder:for_1[5].out_add" ;
+------+-------+----------+--------------------------------------------+
; Port ; Type  ; Severity ; Details                                    ;
+------+-------+----------+--------------------------------------------+
; c_in ; Input ; Info     ; Stuck at GND                               ;
+------+-------+----------+--------------------------------------------+


+----------------------------------------------------------------------+
; Port Connectivity Checks: "multiply_m:m|full_adder:for_1[4].out_add" ;
+------+-------+----------+--------------------------------------------+
; Port ; Type  ; Severity ; Details                                    ;
+------+-------+----------+--------------------------------------------+
; c_in ; Input ; Info     ; Stuck at GND                               ;
+------+-------+----------+--------------------------------------------+


+----------------------------------------------------------------------+
; Port Connectivity Checks: "multiply_m:m|full_adder:for_1[3].out_add" ;
+------+-------+----------+--------------------------------------------+
; Port ; Type  ; Severity ; Details                                    ;
+------+-------+----------+--------------------------------------------+
; c_in ; Input ; Info     ; Stuck at GND                               ;
+------+-------+----------+--------------------------------------------+


+----------------------------------------------------------------------+
; Port Connectivity Checks: "multiply_m:m|full_adder:for_1[2].out_add" ;
+------+-------+----------+--------------------------------------------+
; Port ; Type  ; Severity ; Details                                    ;
+------+-------+----------+--------------------------------------------+
; c_in ; Input ; Info     ; Stuck at GND                               ;
+------+-------+----------+--------------------------------------------+


+----------------------------------------------------------------------+
; Port Connectivity Checks: "multiply_m:m|full_adder:for_1[1].out_add" ;
+------+-------+----------+--------------------------------------------+
; Port ; Type  ; Severity ; Details                                    ;
+------+-------+----------+--------------------------------------------+
; c_in ; Input ; Info     ; Stuck at GND                               ;
+------+-------+----------+--------------------------------------------+


+--------------------------------------------------------------------------------+
; Port Connectivity Checks: "multiply_m:m|full_adder:for_1[0].for_2[2].full_add" ;
+------+-------+----------+------------------------------------------------------+
; Port ; Type  ; Severity ; Details                                              ;
+------+-------+----------+------------------------------------------------------+
; x    ; Input ; Info     ; Stuck at GND                                         ;
+------+-------+----------+------------------------------------------------------+


+--------------------------------------------------------------------------------+
; Port Connectivity Checks: "multiply_m:m|full_adder:for_1[0].for_2[1].full_add" ;
+------+-------+----------+------------------------------------------------------+
; Port ; Type  ; Severity ; Details                                              ;
+------+-------+----------+------------------------------------------------------+
; x    ; Input ; Info     ; Stuck at GND                                         ;
+------+-------+----------+------------------------------------------------------+


+----------------------------------------------------------------------+
; Port Connectivity Checks: "multiply_m:m|full_adder:for_1[0].out_add" ;
+------+-------+----------+--------------------------------------------+
; Port ; Type  ; Severity ; Details                                    ;
+------+-------+----------+--------------------------------------------+
; x    ; Input ; Info     ; Stuck at GND                               ;
; c_in ; Input ; Info     ; Stuck at GND                               ;
+------+-------+----------+--------------------------------------------+


+-------------------------------------------------------------------------------------------------------------------------------------------------------------------------------------------------------------+
; Port Connectivity Checks: "multiply_m:m"                                                                                                                                                                    ;
+------+--------+----------+----------------------------------------------------------------------------------------------------------------------------------------------------------------------------------+
; Port ; Type   ; Severity ; Details                                                                                                                                                                          ;
+------+--------+----------+----------------------------------------------------------------------------------------------------------------------------------------------------------------------------------+
; a    ; Input  ; Warning  ; Input port expression (4 bits) is wider than the input port (3 bits) it drives.  The 1 most-significant bit(s) in the expression will be dangling if they have no other fanouts. ;
; b    ; Input  ; Warning  ; Input port expression (4 bits) is smaller than the input port (8 bits) it drives.  Extra input bit(s) "b[7..4]" will be connected to GND.                                        ;
; out  ; Output ; Warning  ; Output or bidir port (11 bits) is wider than the port expression (9 bits) it drives; bit(s) "out[10..9]" have no fanouts                                                         ;
+------+--------+----------+----------------------------------------------------------------------------------------------------------------------------------------------------------------------------------+


+-----------------------------------------------------+
; Post-Synthesis Netlist Statistics for Top Partition ;
+-----------------------+-----------------------------+
; Type                  ; Count                       ;
+-----------------------+-----------------------------+
; boundary_port         ; 73                          ;
; cycloneiii_lcell_comb ; 25                          ;
;     normal            ; 25                          ;
;         0 data inputs ; 1                           ;
;         2 data inputs ; 6                           ;
;         3 data inputs ; 4                           ;
;         4 data inputs ; 14                          ;
;                       ;                             ;
; Max LUT depth         ; 7.00                        ;
; Average LUT depth     ; 5.13                        ;
+-----------------------+-----------------------------+


+-------------------------------+
; Elapsed Time Per Partition    ;
+----------------+--------------+
; Partition Name ; Elapsed Time ;
+----------------+--------------+
; Top            ; 00:00:00     ;
+----------------+--------------+


+-------------------------------+
; Analysis & Synthesis Messages ;
+-------------------------------+
Info: *******************************************************************
Info: Running Quartus Prime Analysis & Synthesis
    Info: Version 18.1.0 Build 625 09/12/2018 SJ Lite Edition
    Info: Processing started: Sat Mar 23 00:29:24 2019
Info: Command: quartus_map --read_settings_files=on --write_settings_files=off DE10_LITE_ALU -c DE10_LITE_ALU
Warning (18236): Number of processors has not been specified which may cause overloading on shared machines.  Set the global assignment NUM_PARALLEL_PROCESSORS in your QSF to an appropriate value for best performance.
Info (20030): Parallel compilation is enabled and will use 2 of the 2 processors detected
Info (12021): Found 4 design units, including 4 entities, in source file arithmetic.v
    Info (12023): Found entity 1: half_adder File: Z:/Documents/CUBoulder/2019_Spring/ECEN2350-DigitalLogic/Project1/Arithmetic.v Line: 1
    Info (12023): Found entity 2: full_adder File: Z:/Documents/CUBoulder/2019_Spring/ECEN2350-DigitalLogic/Project1/Arithmetic.v Line: 15
    Info (12023): Found entity 3: ripple_carry_adder File: Z:/Documents/CUBoulder/2019_Spring/ECEN2350-DigitalLogic/Project1/Arithmetic.v Line: 30
    Info (12023): Found entity 4: multiply_m File: Z:/Documents/CUBoulder/2019_Spring/ECEN2350-DigitalLogic/Project1/Arithmetic.v Line: 54
Info (12021): Found 1 design units, including 1 entities, in source file sevensegment.v
    Info (12023): Found entity 1: seven_segment File: Z:/Documents/CUBoulder/2019_Spring/ECEN2350-DigitalLogic/Project1/SevenSegment.v Line: 1
Warning (10236): Verilog HDL Implicit Net warning at Arithmetic.v(106): created implicit net for "wire_add" File: Z:/Documents/CUBoulder/2019_Spring/ECEN2350-DigitalLogic/Project1/Arithmetic.v Line: 106
Warning (12125): Using design file de10_lite_alu.v, which is not specified as a design file for the current project, but contains definitions for 1 design units and 1 entities in project
    Info (12023): Found entity 1: DE10_LITE_ALU File: Z:/Documents/CUBoulder/2019_Spring/ECEN2350-DigitalLogic/Project1/de10_lite_alu.v Line: 6
Info (12127): Elaborating entity "DE10_LITE_ALU" for the top level hierarchy
Warning (10034): Output port "HEX0" at de10_lite_alu.v(14) has no driver File: Z:/Documents/CUBoulder/2019_Spring/ECEN2350-DigitalLogic/Project1/de10_lite_alu.v Line: 14
Warning (10034): Output port "HEX1" at de10_lite_alu.v(15) has no driver File: Z:/Documents/CUBoulder/2019_Spring/ECEN2350-DigitalLogic/Project1/de10_lite_alu.v Line: 15
Warning (10034): Output port "HEX2" at de10_lite_alu.v(16) has no driver File: Z:/Documents/CUBoulder/2019_Spring/ECEN2350-DigitalLogic/Project1/de10_lite_alu.v Line: 16
Warning (10034): Output port "HEX3" at de10_lite_alu.v(17) has no driver File: Z:/Documents/CUBoulder/2019_Spring/ECEN2350-DigitalLogic/Project1/de10_lite_alu.v Line: 17
Warning (10034): Output port "HEX4" at de10_lite_alu.v(18) has no driver File: Z:/Documents/CUBoulder/2019_Spring/ECEN2350-DigitalLogic/Project1/de10_lite_alu.v Line: 18
Warning (10034): Output port "HEX5" at de10_lite_alu.v(19) has no driver File: Z:/Documents/CUBoulder/2019_Spring/ECEN2350-DigitalLogic/Project1/de10_lite_alu.v Line: 19
Warning (10034): Output port "LEDR[9]" at de10_lite_alu.v(25) has no driver File: Z:/Documents/CUBoulder/2019_Spring/ECEN2350-DigitalLogic/Project1/de10_lite_alu.v Line: 25
Info (12128): Elaborating entity "multiply_m" for hierarchy "multiply_m:m" File: Z:/Documents/CUBoulder/2019_Spring/ECEN2350-DigitalLogic/Project1/de10_lite_alu.v Line: 43
Info (12128): Elaborating entity "full_adder" for hierarchy "multiply_m:m|full_adder:for_1[0].out_add" File: Z:/Documents/CUBoulder/2019_Spring/ECEN2350-DigitalLogic/Project1/Arithmetic.v Line: 98
Warning (12241): 1 hierarchies have connectivity warnings - see the Connectivity Checks report folder
Warning (13024): Output pins are stuck at VCC or GND
    Warning (13410): Pin "HEX0[0]" is stuck at GND File: Z:/Documents/CUBoulder/2019_Spring/ECEN2350-DigitalLogic/Project1/de10_lite_alu.v Line: 14
    Warning (13410): Pin "HEX0[1]" is stuck at GND File: Z:/Documents/CUBoulder/2019_Spring/ECEN2350-DigitalLogic/Project1/de10_lite_alu.v Line: 14
    Warning (13410): Pin "HEX0[2]" is stuck at GND File: Z:/Documents/CUBoulder/2019_Spring/ECEN2350-DigitalLogic/Project1/de10_lite_alu.v Line: 14
    Warning (13410): Pin "HEX0[3]" is stuck at GND File: Z:/Documents/CUBoulder/2019_Spring/ECEN2350-DigitalLogic/Project1/de10_lite_alu.v Line: 14
    Warning (13410): Pin "HEX0[4]" is stuck at GND File: Z:/Documents/CUBoulder/2019_Spring/ECEN2350-DigitalLogic/Project1/de10_lite_alu.v Line: 14
    Warning (13410): Pin "HEX0[5]" is stuck at GND File: Z:/Documents/CUBoulder/2019_Spring/ECEN2350-DigitalLogic/Project1/de10_lite_alu.v Line: 14
    Warning (13410): Pin "HEX0[6]" is stuck at GND File: Z:/Documents/CUBoulder/2019_Spring/ECEN2350-DigitalLogic/Project1/de10_lite_alu.v Line: 14
    Warning (13410): Pin "HEX0[7]" is stuck at GND File: Z:/Documents/CUBoulder/2019_Spring/ECEN2350-DigitalLogic/Project1/de10_lite_alu.v Line: 14
    Warning (13410): Pin "HEX1[0]" is stuck at GND File: Z:/Documents/CUBoulder/2019_Spring/ECEN2350-DigitalLogic/Project1/de10_lite_alu.v Line: 15
    Warning (13410): Pin "HEX1[1]" is stuck at GND File: Z:/Documents/CUBoulder/2019_Spring/ECEN2350-DigitalLogic/Project1/de10_lite_alu.v Line: 15
    Warning (13410): Pin "HEX1[2]" is stuck at GND File: Z:/Documents/CUBoulder/2019_Spring/ECEN2350-DigitalLogic/Project1/de10_lite_alu.v Line: 15
    Warning (13410): Pin "HEX1[3]" is stuck at GND File: Z:/Documents/CUBoulder/2019_Spring/ECEN2350-DigitalLogic/Project1/de10_lite_alu.v Line: 15
    Warning (13410): Pin "HEX1[4]" is stuck at GND File: Z:/Documents/CUBoulder/2019_Spring/ECEN2350-DigitalLogic/Project1/de10_lite_alu.v Line: 15
    Warning (13410): Pin "HEX1[5]" is stuck at GND File: Z:/Documents/CUBoulder/2019_Spring/ECEN2350-DigitalLogic/Project1/de10_lite_alu.v Line: 15
    Warning (13410): Pin "HEX1[6]" is stuck at GND File: Z:/Documents/CUBoulder/2019_Spring/ECEN2350-DigitalLogic/Project1/de10_lite_alu.v Line: 15
    Warning (13410): Pin "HEX1[7]" is stuck at GND File: Z:/Documents/CUBoulder/2019_Spring/ECEN2350-DigitalLogic/Project1/de10_lite_alu.v Line: 15
    Warning (13410): Pin "HEX2[0]" is stuck at GND File: Z:/Documents/CUBoulder/2019_Spring/ECEN2350-DigitalLogic/Project1/de10_lite_alu.v Line: 16
    Warning (13410): Pin "HEX2[1]" is stuck at GND File: Z:/Documents/CUBoulder/2019_Spring/ECEN2350-DigitalLogic/Project1/de10_lite_alu.v Line: 16
    Warning (13410): Pin "HEX2[2]" is stuck at GND File: Z:/Documents/CUBoulder/2019_Spring/ECEN2350-DigitalLogic/Project1/de10_lite_alu.v Line: 16
    Warning (13410): Pin "HEX2[3]" is stuck at GND File: Z:/Documents/CUBoulder/2019_Spring/ECEN2350-DigitalLogic/Project1/de10_lite_alu.v Line: 16
    Warning (13410): Pin "HEX2[4]" is stuck at GND File: Z:/Documents/CUBoulder/2019_Spring/ECEN2350-DigitalLogic/Project1/de10_lite_alu.v Line: 16
    Warning (13410): Pin "HEX2[5]" is stuck at GND File: Z:/Documents/CUBoulder/2019_Spring/ECEN2350-DigitalLogic/Project1/de10_lite_alu.v Line: 16
    Warning (13410): Pin "HEX2[6]" is stuck at GND File: Z:/Documents/CUBoulder/2019_Spring/ECEN2350-DigitalLogic/Project1/de10_lite_alu.v Line: 16
    Warning (13410): Pin "HEX2[7]" is stuck at GND File: Z:/Documents/CUBoulder/2019_Spring/ECEN2350-DigitalLogic/Project1/de10_lite_alu.v Line: 16
    Warning (13410): Pin "HEX3[0]" is stuck at GND File: Z:/Documents/CUBoulder/2019_Spring/ECEN2350-DigitalLogic/Project1/de10_lite_alu.v Line: 17
    Warning (13410): Pin "HEX3[1]" is stuck at GND File: Z:/Documents/CUBoulder/2019_Spring/ECEN2350-DigitalLogic/Project1/de10_lite_alu.v Line: 17
    Warning (13410): Pin "HEX3[2]" is stuck at GND File: Z:/Documents/CUBoulder/2019_Spring/ECEN2350-DigitalLogic/Project1/de10_lite_alu.v Line: 17
    Warning (13410): Pin "HEX3[3]" is stuck at GND File: Z:/Documents/CUBoulder/2019_Spring/ECEN2350-DigitalLogic/Project1/de10_lite_alu.v Line: 17
    Warning (13410): Pin "HEX3[4]" is stuck at GND File: Z:/Documents/CUBoulder/2019_Spring/ECEN2350-DigitalLogic/Project1/de10_lite_alu.v Line: 17
    Warning (13410): Pin "HEX3[5]" is stuck at GND File: Z:/Documents/CUBoulder/2019_Spring/ECEN2350-DigitalLogic/Project1/de10_lite_alu.v Line: 17
    Warning (13410): Pin "HEX3[6]" is stuck at GND File: Z:/Documents/CUBoulder/2019_Spring/ECEN2350-DigitalLogic/Project1/de10_lite_alu.v Line: 17
    Warning (13410): Pin "HEX3[7]" is stuck at GND File: Z:/Documents/CUBoulder/2019_Spring/ECEN2350-DigitalLogic/Project1/de10_lite_alu.v Line: 17
    Warning (13410): Pin "HEX4[0]" is stuck at GND File: Z:/Documents/CUBoulder/2019_Spring/ECEN2350-DigitalLogic/Project1/de10_lite_alu.v Line: 18
    Warning (13410): Pin "HEX4[1]" is stuck at GND File: Z:/Documents/CUBoulder/2019_Spring/ECEN2350-DigitalLogic/Project1/de10_lite_alu.v Line: 18
    Warning (13410): Pin "HEX4[2]" is stuck at GND File: Z:/Documents/CUBoulder/2019_Spring/ECEN2350-DigitalLogic/Project1/de10_lite_alu.v Line: 18
    Warning (13410): Pin "HEX4[3]" is stuck at GND File: Z:/Documents/CUBoulder/2019_Spring/ECEN2350-DigitalLogic/Project1/de10_lite_alu.v Line: 18
    Warning (13410): Pin "HEX4[4]" is stuck at GND File: Z:/Documents/CUBoulder/2019_Spring/ECEN2350-DigitalLogic/Project1/de10_lite_alu.v Line: 18
    Warning (13410): Pin "HEX4[5]" is stuck at GND File: Z:/Documents/CUBoulder/2019_Spring/ECEN2350-DigitalLogic/Project1/de10_lite_alu.v Line: 18
    Warning (13410): Pin "HEX4[6]" is stuck at GND File: Z:/Documents/CUBoulder/2019_Spring/ECEN2350-DigitalLogic/Project1/de10_lite_alu.v Line: 18
    Warning (13410): Pin "HEX4[7]" is stuck at GND File: Z:/Documents/CUBoulder/2019_Spring/ECEN2350-DigitalLogic/Project1/de10_lite_alu.v Line: 18
    Warning (13410): Pin "HEX5[0]" is stuck at GND File: Z:/Documents/CUBoulder/2019_Spring/ECEN2350-DigitalLogic/Project1/de10_lite_alu.v Line: 19
    Warning (13410): Pin "HEX5[1]" is stuck at GND File: Z:/Documents/CUBoulder/2019_Spring/ECEN2350-DigitalLogic/Project1/de10_lite_alu.v Line: 19
    Warning (13410): Pin "HEX5[2]" is stuck at GND File: Z:/Documents/CUBoulder/2019_Spring/ECEN2350-DigitalLogic/Project1/de10_lite_alu.v Line: 19
    Warning (13410): Pin "HEX5[3]" is stuck at GND File: Z:/Documents/CUBoulder/2019_Spring/ECEN2350-DigitalLogic/Project1/de10_lite_alu.v Line: 19
    Warning (13410): Pin "HEX5[4]" is stuck at GND File: Z:/Documents/CUBoulder/2019_Spring/ECEN2350-DigitalLogic/Project1/de10_lite_alu.v Line: 19
    Warning (13410): Pin "HEX5[5]" is stuck at GND File: Z:/Documents/CUBoulder/2019_Spring/ECEN2350-DigitalLogic/Project1/de10_lite_alu.v Line: 19
    Warning (13410): Pin "HEX5[6]" is stuck at GND File: Z:/Documents/CUBoulder/2019_Spring/ECEN2350-DigitalLogic/Project1/de10_lite_alu.v Line: 19
    Warning (13410): Pin "HEX5[7]" is stuck at GND File: Z:/Documents/CUBoulder/2019_Spring/ECEN2350-DigitalLogic/Project1/de10_lite_alu.v Line: 19
    Warning (13410): Pin "LEDR[7]" is stuck at GND File: Z:/Documents/CUBoulder/2019_Spring/ECEN2350-DigitalLogic/Project1/de10_lite_alu.v Line: 25
    Warning (13410): Pin "LEDR[8]" is stuck at GND File: Z:/Documents/CUBoulder/2019_Spring/ECEN2350-DigitalLogic/Project1/de10_lite_alu.v Line: 25
    Warning (13410): Pin "LEDR[9]" is stuck at GND File: Z:/Documents/CUBoulder/2019_Spring/ECEN2350-DigitalLogic/Project1/de10_lite_alu.v Line: 25
Info (286030): Timing-Driven Synthesis is running
Info (16010): Generating hard_block partition "hard_block:auto_generated_inst"
    Info (16011): Adding 0 node(s), including 0 DDIO, 0 PLL, 0 transceiver and 0 LCELL
Warning (21074): Design contains 8 input pin(s) that do not drive logic
    Warning (15610): No output dependent on input pin "ADC_CLK_10" File: Z:/Documents/CUBoulder/2019_Spring/ECEN2350-DigitalLogic/Project1/de10_lite_alu.v Line: 9
    Warning (15610): No output dependent on input pin "MAX10_CLK1_50" File: Z:/Documents/CUBoulder/2019_Spring/ECEN2350-DigitalLogic/Project1/de10_lite_alu.v Line: 10
    Warning (15610): No output dependent on input pin "MAX10_CLK2_50" File: Z:/Documents/CUBoulder/2019_Spring/ECEN2350-DigitalLogic/Project1/de10_lite_alu.v Line: 11
    Warning (15610): No output dependent on input pin "KEY[0]" File: Z:/Documents/CUBoulder/2019_Spring/ECEN2350-DigitalLogic/Project1/de10_lite_alu.v Line: 22
    Warning (15610): No output dependent on input pin "KEY[1]" File: Z:/Documents/CUBoulder/2019_Spring/ECEN2350-DigitalLogic/Project1/de10_lite_alu.v Line: 22
    Warning (15610): No output dependent on input pin "SW[3]" File: Z:/Documents/CUBoulder/2019_Spring/ECEN2350-DigitalLogic/Project1/de10_lite_alu.v Line: 29
    Warning (15610): No output dependent on input pin "SW[8]" File: Z:/Documents/CUBoulder/2019_Spring/ECEN2350-DigitalLogic/Project1/de10_lite_alu.v Line: 29
    Warning (15610): No output dependent on input pin "SW[9]" File: Z:/Documents/CUBoulder/2019_Spring/ECEN2350-DigitalLogic/Project1/de10_lite_alu.v Line: 29
Info (21057): Implemented 97 device resources after synthesis - the final resource count might be different
    Info (21058): Implemented 15 input pins
    Info (21059): Implemented 58 output pins
    Info (21061): Implemented 24 logic cells
Info: Quartus Prime Analysis & Synthesis was successful. 0 errors, 72 warnings
    Info: Peak virtual memory: 4749 megabytes
    Info: Processing ended: Sat Mar 23 00:29:41 2019
    Info: Elapsed time: 00:00:17
    Info: Total CPU time (on all processors): 00:00:23


